[debug] [2024-11-16T00:38:35.978Z] ----------------------------------------------------------------------
[debug] [2024-11-16T00:38:35.980Z] Command:       /Users/admin/.nvm/versions/node/v21.6.1/bin/node /Users/admin/.nvm/versions/node/v21.6.1/bin/firebase init
[debug] [2024-11-16T00:38:35.980Z] CLI Version:   13.25.0
[debug] [2024-11-16T00:38:35.980Z] Platform:      darwin
[debug] [2024-11-16T00:38:35.980Z] Node Version:  v21.6.1
[debug] [2024-11-16T00:38:35.981Z] Time:          Fri Nov 15 2024 16:38:35 GMT-0800 (Pacific Standard Time)
[debug] [2024-11-16T00:38:35.981Z] ----------------------------------------------------------------------
[debug] 
[debug] [2024-11-16T00:38:35.985Z] > command requires scopes: ["email","openid","https://www.googleapis.com/auth/cloudplatformprojects.readonly","https://www.googleapis.com/auth/firebase","https://www.googleapis.com/auth/cloud-platform"]
[debug] [2024-11-16T00:38:35.986Z] > authorizing via signed-in user (sebastioh@gmail.com)
[info] 
     ######## #### ########  ######## ########     ###     ######  ########
     ##        ##  ##     ## ##       ##     ##  ##   ##  ##       ##
     ######    ##  ########  ######   ########  #########  ######  ######
     ##        ##  ##    ##  ##       ##     ## ##     ##       ## ##
     ##       #### ##     ## ######## ########  ##     ##  ######  ########

You're about to initialize a Firebase project in this directory:

  /Users/admin/Desktop/KennaAndSebas/kennaandsebas

[info] 
=== Project Setup
[info] 
[info] First, let's associate this project directory with a Firebase project.
[info] You can create multiple project aliases by running firebase use --add, 
[info] but for now we'll just set up a default project.
[info] 
[debug] [2024-11-16T00:39:14.776Z] Checked if tokens are valid: true, expires at: 1731721029770
[debug] [2024-11-16T00:39:14.776Z] Checked if tokens are valid: true, expires at: 1731721029770
[debug] [2024-11-16T00:39:14.778Z] >>> [apiv2][query] GET https://firebase.googleapis.com/v1beta1/projects pageSize=100
[debug] [2024-11-16T00:39:15.258Z] <<< [apiv2][status] GET https://firebase.googleapis.com/v1beta1/projects 200
[debug] [2024-11-16T00:39:15.258Z] <<< [apiv2][body] GET https://firebase.googleapis.com/v1beta1/projects [omitted]
[info] i  Using project kennaandsebas (KennaAndSebas) 
[info] 
=== Hosting Setup
[debug] [2024-11-16T00:39:18.716Z] Checked if tokens are valid: true, expires at: 1731721029770
[debug] [2024-11-16T00:39:18.716Z] Checked if tokens are valid: true, expires at: 1731721029770
[debug] [2024-11-16T00:39:18.716Z] >>> [apiv2][query] GET https://firebase.googleapis.com/v1beta1/projects/kennaandsebas [none]
[debug] [2024-11-16T00:39:19.053Z] <<< [apiv2][status] GET https://firebase.googleapis.com/v1beta1/projects/kennaandsebas 200
[debug] [2024-11-16T00:39:19.053Z] <<< [apiv2][body] GET https://firebase.googleapis.com/v1beta1/projects/kennaandsebas {"projectId":"kennaandsebas","projectNumber":"318857200837","displayName":"KennaAndSebas","name":"projects/kennaandsebas","resources":{"hostingSite":"kennaandsebas"},"state":"ACTIVE","etag":"1_945fa4a9-1199-4d8d-99aa-7ff3c51cf635"}
[info] 
[info] Your public directory is the folder (relative to your project directory) that
[info] will contain Hosting assets to be uploaded with firebase deploy. If you
[info] have a build process for your assets, use your build's output directory.
[info] 
[debug] [2024-11-16T00:39:41.168Z] >>> [apiv2][query] GET https://www.gstatic.com/firebasejs/releases.json [none]
[debug] [2024-11-16T00:39:41.326Z] <<< [apiv2][status] GET https://www.gstatic.com/firebasejs/releases.json 200
[debug] [2024-11-16T00:39:41.326Z] <<< [apiv2][body] GET https://www.gstatic.com/firebasejs/releases.json {"current":{"version":"11.0.2","browserURL":"https://www.gstatic.com/firebasejs/11.0.2/firebase.js","packageURL":"https://www.gstatic.com/firebasejs/11.0.2/firebase.tgz"},"live":{"version":"11.0","browserURL":"https://www.gstatic.com/firebasejs/live/11.0/firebase.js","packageURL":"https://www.gstatic.com/firebasejs/live/11.0/firebase.tgz"},"components":{"analytics":"https://www.gstatic.com/firebasejs/11.0.2/firebase-analytics.js","app":"https://www.gstatic.com/firebasejs/11.0.2/firebase-app.js","app-check":"https://www.gstatic.com/firebasejs/11.0.2/firebase-app-check.js","auth":"https://www.gstatic.com/firebasejs/11.0.2/firebase-auth.js","auth/cordova":"https://www.gstatic.com/firebasejs/11.0.2/firebase-auth/cordova.js","auth/web-extension":"https://www.gstatic.com/firebasejs/11.0.2/firebase-auth/web-extension.js","functions":"https://www.gstatic.com/firebasejs/11.0.2/firebase-functions.js","firestore":"https://www.gstatic.com/firebasejs/11.0.2/firebase-firestore.js","firestore/lite":"https://www.gstatic.com/firebasejs/11.0.2/firebase-firestore/lite.js","installations":"https://www.gstatic.com/firebasejs/11.0.2/firebase-installations.js","storage":"https://www.gstatic.com/firebasejs/11.0.2/firebase-storage.js","performance":"https://www.gstatic.com/firebasejs/11.0.2/firebase-performance.js","remote-config":"https://www.gstatic.com/firebasejs/11.0.2/firebase-remote-config.js","messaging":"https://www.gstatic.com/firebasejs/11.0.2/firebase-messaging.js","messaging/sw":"https://www.gstatic.com/firebasejs/11.0.2/firebase-messaging/sw.js","database":"https://www.gstatic.com/firebasejs/11.0.2/firebase-database.js","vertexai":"https://www.gstatic.com/firebasejs/11.0.2/firebase-vertexai.js","data-connect":"https://www.gstatic.com/firebasejs/11.0.2/firebase-data-connect.js","firestore.memory":"https://www.gstatic.com/firebasejs/11.0.2/firebase-firestore.memory.js"}}
[info] ✔  Wrote public/index.html 
[info] 
[info] i  Detected a .git folder at /Users/admin/Desktop/KennaAndSebas/kennaandsebas 
[info] i  Authorizing with GitHub to upload your service account to a GitHub repository's secrets store. 
[info] 
[info] Visit this URL on this device to log in:
[info] https://github.com/login/oauth/authorize?client_id=89cf50f02ac6aaed3484&state=688865252&redirect_uri=http%3A%2F%2Flocalhost%3A9005&scope=read%3Auser%20repo%20public_repo
[info] 
[info] Waiting for authentication...
[debug] [2024-11-16T00:40:09.416Z] >>> [apiv2][query] POST https://github.com/login/oauth/access_token [none]
[debug] [2024-11-16T00:40:09.416Z] >>> [apiv2][body] POST https://github.com/login/oauth/access_token [stream]
[debug] [2024-11-16T00:40:10.148Z] <<< [apiv2][status] POST https://github.com/login/oauth/access_token 200
[debug] [2024-11-16T00:40:10.152Z] >>> [apiv2][query] GET https://api.github.com/user [none]
[debug] [2024-11-16T00:40:10.540Z] <<< [apiv2][status] GET https://api.github.com/user 200
[debug] [2024-11-16T00:40:10.541Z] <<< [apiv2][body] GET https://api.github.com/user {"login":"sebassarmiento","id":38364166,"node_id":"MDQ6VXNlcjM4MzY0MTY2","avatar_url":"https://avatars.githubusercontent.com/u/38364166?v=4","gravatar_id":"","url":"https://api.github.com/users/sebassarmiento","html_url":"https://github.com/sebassarmiento","followers_url":"https://api.github.com/users/sebassarmiento/followers","following_url":"https://api.github.com/users/sebassarmiento/following{/other_user}","gists_url":"https://api.github.com/users/sebassarmiento/gists{/gist_id}","starred_url":"https://api.github.com/users/sebassarmiento/starred{/owner}{/repo}","subscriptions_url":"https://api.github.com/users/sebassarmiento/subscriptions","organizations_url":"https://api.github.com/users/sebassarmiento/orgs","repos_url":"https://api.github.com/users/sebassarmiento/repos","events_url":"https://api.github.com/users/sebassarmiento/events{/privacy}","received_events_url":"https://api.github.com/users/sebassarmiento/received_events","type":"User","user_view_type":"private","site_admin":false,"name":"Sebastian Sarmiento","company":null,"blog":"","location":null,"email":null,"hireable":true,"bio":null,"twitter_username":null,"notification_email":null,"public_repos":45,"public_gists":0,"followers":2,"following":2,"created_at":"2018-04-13T21:02:50Z","updated_at":"2024-10-29T03:04:21Z","private_gists":0,"total_private_repos":2,"owned_private_repos":2,"disk_usage":240679,"collaborators":2,"two_factor_authentication":true,"plan":{"name":"free","space":976562499,"collaborators":0,"private_repos":10000}}
[info] 
[info] ✔  Success! Logged into GitHub as sebassarmiento 
[info] 
